21:53 INFO    : Running for label 'injection', output will be saved to 'usf_outdir7'
21:53 INFO    : Analysis priors:
21:53 INFO    : luminosity_distance=bilby.gw.prior.UniformSourceFrame(minimum=0.0, maximum=2000.0, cosmology=FlatLambdaCDM(name="Planck15", H0=67.74 km / (Mpc s), Om0=0.3075, Tcmb0=2.7255 K, Neff=3.046, m_nu=[0.   0.   0.06] eV, Ob0=0.0486), name='luminosity_distance', latex_label='$D_L$', unit=Unit("Mpc"), boundary=None)
21:53 INFO    : KNphi=Uniform(minimum=15.0, maximum=75.0, name='KNphi', latex_label='$\\Phi$', unit=None, boundary=None)
21:53 INFO    : inclination_EM=Sine(minimum=0.0, maximum=1.5707963267948966, name='inclination_EM', latex_label='$\\iota$', unit=None, boundary=None)
21:53 INFO    : KNtimeshift=Uniform(minimum=-2.0, maximum=1.0, name='trigger_time', latex_label='$t_0$', unit=None, boundary=None)
21:53 INFO    : log10_mej_dyn=Uniform(minimum=-3.0, maximum=-1.0, name='log10_mej_dyn', latex_label='$\\log_{10}M^{\\rm{dyn}}_{\\rm{ej}}$', unit=None, boundary=None)
21:53 INFO    : log10_mej_wind=Uniform(minimum=-3.0, maximum=-1.0, name='log10_mej_wind', latex_label='$\\log_{10}M^{\\rm{wind}}_{\\rm{ej}}$', unit=None, boundary=None)
21:53 INFO    : Ebv=0.0
21:53 INFO    : Analysis likelihood class: <class 'nmma.em.likelihood.OpticalLightCurve'>
21:53 INFO    : Analysis likelihood noise evidence: 0.0
21:53 WARNING : Supplied argument 'queue_size' not an argument of 'Pymultinest', removing.
21:53 WARNING : Supplied argument 'check_point_delta_t' not an argument of 'Pymultinest', removing.
21:53 INFO    : Using sampler Pymultinest with kwargs {'importance_nested_sampling': False, 'resume': True, 'verbose': True, 'sampling_efficiency': 'parameter', 'n_live_points': 512, 'n_params': 6, 'n_clustering_params': None, 'wrapped_params': None, 'multimodal': True, 'const_efficiency_mode': False, 'evidence_tolerance': 0.5, 'n_iter_before_update': 100, 'null_log_evidence': -1e+90, 'max_modes': 100, 'mode_tolerance': -1e+90, 'seed': 42, 'context': 0, 'write_output': True, 'log_zero': -1e+100, 'max_iter': 0, 'init_MPI': False, 'dump_callback': <bound method Pymultinest._dump_callback of <bilby.core.sampler.pymultinest.Pymultinest object at 0x7f7844171280>>}
21:53 INFO    : Using temporary file /local/andrew.toivonen/tmph9fv9bu4
21:54 INFO    : Overwriting usf_outdir7/pm_injection/ with /local/andrew.toivonen/tmph9fv9bu4/
21:55 INFO    : Overwriting usf_outdir7/pm_injection/ with /local/andrew.toivonen/tmph9fv9bu4/
21:55 INFO    : Overwriting usf_outdir7/pm_injection/ with /local/andrew.toivonen/tmph9fv9bu4/
21:56 INFO    : Overwriting usf_outdir7/pm_injection/ with /local/andrew.toivonen/tmph9fv9bu4/
21:57 INFO    : Overwriting usf_outdir7/pm_injection/ with /local/andrew.toivonen/tmph9fv9bu4/
21:58 INFO    : Overwriting usf_outdir7/pm_injection/ with /local/andrew.toivonen/tmph9fv9bu4/
21:59 INFO    : Overwriting usf_outdir7/pm_injection/ with /local/andrew.toivonen/tmph9fv9bu4/
22:00 INFO    : Overwriting usf_outdir7/pm_injection/ with /local/andrew.toivonen/tmph9fv9bu4/
22:01 INFO    : Overwriting usf_outdir7/pm_injection/ with /local/andrew.toivonen/tmph9fv9bu4/
22:02 INFO    : Overwriting usf_outdir7/pm_injection/ with /local/andrew.toivonen/tmph9fv9bu4/
22:03 INFO    : Overwriting usf_outdir7/pm_injection/ with /local/andrew.toivonen/tmph9fv9bu4/
22:03 INFO    : Overwriting usf_outdir7/pm_injection/ with /local/andrew.toivonen/tmph9fv9bu4/
22:03 INFO    : Overwriting usf_outdir7/pm_injection/ with /local/andrew.toivonen/tmph9fv9bu4/
22:03 INFO    : Sampling time: 0:10:03.444636
22:03 INFO    : Summary of results:
nsamples: 2795
ln_noise_evidence:  0.000
ln_evidence: -128.940 +/-  0.187
ln_bayes_factor: -128.940 +/-  0.187

22:03 INFO    : Writing samples file to /home/andrew.toivonen/nmma_andrew/usf_outdir7/injection_posterior_samples.dat
