21:42 INFO    : Running for label 'injection', output will be saved to 'usf_outdir1'
21:42 INFO    : Analysis priors:
21:42 INFO    : luminosity_distance=bilby.gw.prior.UniformSourceFrame(minimum=0.0, maximum=2000.0, cosmology=FlatLambdaCDM(name="Planck15", H0=67.74 km / (Mpc s), Om0=0.3075, Tcmb0=2.7255 K, Neff=3.046, m_nu=[0.   0.   0.06] eV, Ob0=0.0486), name='luminosity_distance', latex_label='$D_L$', unit=Unit("Mpc"), boundary=None)
21:42 INFO    : KNphi=Uniform(minimum=15.0, maximum=75.0, name='KNphi', latex_label='$\\Phi$', unit=None, boundary=None)
21:42 INFO    : inclination_EM=Sine(minimum=0.0, maximum=1.5707963267948966, name='inclination_EM', latex_label='$\\iota$', unit=None, boundary=None)
21:42 INFO    : KNtimeshift=Uniform(minimum=-2.0, maximum=1.0, name='trigger_time', latex_label='$t_0$', unit=None, boundary=None)
21:42 INFO    : log10_mej_dyn=Uniform(minimum=-3.0, maximum=-1.0, name='log10_mej_dyn', latex_label='$\\log_{10}M^{\\rm{dyn}}_{\\rm{ej}}$', unit=None, boundary=None)
21:42 INFO    : log10_mej_wind=Uniform(minimum=-3.0, maximum=-1.0, name='log10_mej_wind', latex_label='$\\log_{10}M^{\\rm{wind}}_{\\rm{ej}}$', unit=None, boundary=None)
21:42 INFO    : Ebv=0.0
21:42 INFO    : Analysis likelihood class: <class 'nmma.em.likelihood.OpticalLightCurve'>
21:42 INFO    : Analysis likelihood noise evidence: 0.0
21:42 WARNING : Supplied argument 'queue_size' not an argument of 'Pymultinest', removing.
21:42 WARNING : Supplied argument 'check_point_delta_t' not an argument of 'Pymultinest', removing.
21:42 INFO    : Using sampler Pymultinest with kwargs {'importance_nested_sampling': False, 'resume': True, 'verbose': True, 'sampling_efficiency': 'parameter', 'n_live_points': 512, 'n_params': 6, 'n_clustering_params': None, 'wrapped_params': None, 'multimodal': True, 'const_efficiency_mode': False, 'evidence_tolerance': 0.5, 'n_iter_before_update': 100, 'null_log_evidence': -1e+90, 'max_modes': 100, 'mode_tolerance': -1e+90, 'seed': 42, 'context': 0, 'write_output': True, 'log_zero': -1e+100, 'max_iter': 0, 'init_MPI': False, 'dump_callback': <bound method Pymultinest._dump_callback of <bilby.core.sampler.pymultinest.Pymultinest object at 0x7fbc680313a0>>}
21:42 INFO    : Using temporary file /local/andrew.toivonen/tmpe2qjckbv
21:43 INFO    : Overwriting usf_outdir1/pm_injection/ with /local/andrew.toivonen/tmpe2qjckbv/
21:43 INFO    : Overwriting usf_outdir1/pm_injection/ with /local/andrew.toivonen/tmpe2qjckbv/
21:44 INFO    : Overwriting usf_outdir1/pm_injection/ with /local/andrew.toivonen/tmpe2qjckbv/
21:45 INFO    : Overwriting usf_outdir1/pm_injection/ with /local/andrew.toivonen/tmpe2qjckbv/
21:46 INFO    : Overwriting usf_outdir1/pm_injection/ with /local/andrew.toivonen/tmpe2qjckbv/
21:47 INFO    : Overwriting usf_outdir1/pm_injection/ with /local/andrew.toivonen/tmpe2qjckbv/
21:48 INFO    : Overwriting usf_outdir1/pm_injection/ with /local/andrew.toivonen/tmpe2qjckbv/
21:49 INFO    : Overwriting usf_outdir1/pm_injection/ with /local/andrew.toivonen/tmpe2qjckbv/
21:50 INFO    : Overwriting usf_outdir1/pm_injection/ with /local/andrew.toivonen/tmpe2qjckbv/
21:51 INFO    : Overwriting usf_outdir1/pm_injection/ with /local/andrew.toivonen/tmpe2qjckbv/
21:51 INFO    : Overwriting usf_outdir1/pm_injection/ with /local/andrew.toivonen/tmpe2qjckbv/
21:51 INFO    : Overwriting usf_outdir1/pm_injection/ with /local/andrew.toivonen/tmpe2qjckbv/
21:51 INFO    : Sampling time: 0:08:48.073157
21:51 INFO    : Summary of results:
nsamples: 2733
ln_noise_evidence:  0.000
ln_evidence: -126.653 +/-  0.175
ln_bayes_factor: -126.653 +/-  0.175

21:51 INFO    : Writing samples file to /home/andrew.toivonen/nmma_andrew/usf_outdir1/injection_posterior_samples.dat
